[20-12-2021_03:54:05] Zaczęto grę o id: 0
[20-12-2021_03:54:05] Dodano gracza: 1
[20-12-2021_03:54:05] Dodano gracza: 2
[20-12-2021_03:54:05] Dodano gracza: 3
[20-12-2021_03:54:05] Gracz wybierający słowo: 1
[20-12-2021_03:54:06] Wybrano słowo: dom
[20-12-2021_03:54:06] Przetłumaczone słowo: 311
[20-12-2021_03:54:10] Gracz: 2 odpowiedz po: 3.72070050239563 ignoruje gracza
[20-12-2021_03:54:10] Gracz: 2 wprowadził niespodziewaną odpowiedź - rozłączam
[20-12-2021_03:54:17] Gracz: 3 odpowiedz po: 9.370656251907349 ignoruje gracza
[20-12-2021_03:54:19] Gracz: 3 odpowiedz po: 2.263190984725952 ignoruje gracza
[20-12-2021_03:54:22] Gracz: 3 odpowiedz po: 3.159214973449707 ignoruje gracza
[20-12-2021_03:54:26] Gracz: 3 odpowiedz po: 4.103119611740112 ignoruje gracza
[20-12-2021_03:54:31] Gracz: 3 odpowiedz po: 5.079039812088013 ignoruje gracza
[20-12-2021_03:54:33] Gracz: 3 odgadł literke: m dostał punktów: 1
[20-12-2021_03:54:36] Gracz: 3 odpowiedz po: 3.30916166305542 ignoruje gracza
[20-12-2021_03:54:38] Gracz: 3 odgadł literke: d dostał punktów: 1
[20-12-2021_03:54:40] Gracz: 3 odpowiedz po: 2.3590712547302246 ignoruje gracza
[20-12-2021_03:54:44] Gracz: 3 odpowiedz po: 4.015069246292114 ignoruje gracza
[20-12-2021_03:55:46] Gra dla 1 zakończona wynikiem: 0
[20-12-2021_03:55:46] Gra dla 2 zakończona wynikiem: 0
[20-12-2021_03:55:46] Gra dla 3 zakończona wynikiem: 2
