[20-12-2021_07:52:06] Zaczeto gre o id: 0
[20-12-2021_07:52:06] Dodano gracza: 2
[20-12-2021_07:52:06] Dodano gracza: 1
[20-12-2021_07:52:06] Gracz wybierajacy slowo: 2
[20-12-2021_07:52:07] Wybrano slowo: abażurków
[20-12-2021_07:52:07] Przetlumaczone slowo: 131111311
[20-12-2021_07:52:08] Gracz: 1 nie zgadl slowa, wprowadzil 
[20-12-2021_07:52:09] Gracz: 1 nie zgadl slowa, wprowadzil 
[20-12-2021_07:52:09] Gracz: 1 nie zgadl slowa, wprowadzil 
[20-12-2021_07:52:10] Gracz: 1 nie zgadl slowa, wprowadzil 
[20-12-2021_07:52:11] Gracz: 1 nie zgadl slowa, wprowadzil 
[20-12-2021_07:52:12] Gracz: 1 nie zgadl slowa, wprowadzil 
[20-12-2021_07:52:12] Gracz: 1 nie zgadl slowa, wprowadzil 
[20-12-2021_07:52:13] Gracz: 1 nie zgadl slowa, wprowadzil 
[20-12-2021_07:52:14] Gracz: 1 nie zgadl slowa, wprowadzil 
[20-12-2021_07:52:14] Gracz: 1 wybral literke: h nie dostal punktow
[20-12-2021_07:52:14] Gracz: 1 wprowadzil niespodziewana odpowiedz - rozlaczam:
[20-12-2021_07:53:47] Gra dla 2 zakonczona wynikiem: 0
[20-12-2021_07:53:47] Gra dla 1 zakonczona wynikiem: 2
[20-12-2021_07:53:47] Gra dla 3 zakonczona wynikiem: 1
