[20-12-2021_08:12:20] Zaczeto gre o id: 0
[20-12-2021_08:12:20] Dodano gracza: 3
[20-12-2021_08:12:20] Dodano gracza: 2
[20-12-2021_08:12:20] Dodano gracza: 1
[20-12-2021_08:12:20] Gracz wybierajacy slowo: 3
[20-12-2021_08:12:21] Wybrano slowo: abakańczykami
[20-12-2021_08:12:21] Przetlumaczone slowo: 1313111123111
[20-12-2021_08:12:22] Gracz: 1 nie zgadl slowa, wprowadzil 
[20-12-2021_08:12:22] Gracz: 2 nie zgadl slowa, wprowadzil 
[20-12-2021_08:12:22] Gracz: 1 nie zgadl slowa, wprowadzil 
[20-12-2021_08:12:23] Gracz: 2 nie zgadl slowa, wprowadzil 
[20-12-2021_08:12:23] Gracz: 1 wybral literke: v nie dostal punktow
[20-12-2021_08:12:23] Gracz: 2 wybral literke: x nie dostal punktow
[20-12-2021_08:12:23] Gracz: 1 wybral literke: u nie dostal punktow
[20-12-2021_08:12:23] Gracz: 1 wybral literke: ź nie dostal punktow
[20-12-2021_08:12:23] Gracz: 1 wybral literke: ł nie dostal punktow
[20-12-2021_08:12:23] Gracz: 1 wybral literke: ś nie dostal punktow
[20-12-2021_08:12:23] Gracz: 2 nie zgadl slowa, wprowadzil 
[20-12-2021_08:12:24] Gracz: 1 nie zgadl slowa, wprowadzil 
[20-12-2021_08:12:24] Gracz: 2 nie zgadl slowa, wprowadzil 
[20-12-2021_08:12:24] Gracz: 1 wybral literke: h nie dostal punktow
[20-12-2021_08:12:25] Gracz: 2 nie zgadl slowa, wprowadzil 
[20-12-2021_08:12:25] Gracz: 1 nie zgadl slowa, wprowadzil 
[20-12-2021_08:12:25] Gracz: 1 wprowadzil niespodziewana odpowiedz - rozlaczam:
[20-12-2021_08:12:26] Gracz: 2 nie zgadl slowa, wprowadzil 
[20-12-2021_08:12:26] Gracz: 2 odgadl literke: a dostał punktow: 4
[20-12-2021_08:12:36] Gracz: 2 rozlaczam minęło 10s
[20-12-2021_08:14:01] Gra dla 3 zakonczona wynikiem: 0
[20-12-2021_08:14:01] Gra dla 2 zakonczona wynikiem: 4
[20-12-2021_08:14:01] Gra dla 1 zakonczona wynikiem: 0
