[20-12-2021_06:41:17] Zaczeto gre o id: 0
[20-12-2021_06:41:17] Dodano gracza: 2
[20-12-2021_06:41:17] Dodano gracza: 1
[20-12-2021_06:41:17] Dodano gracza: 3
[20-12-2021_06:41:17] Dodano gracza: 4
[20-12-2021_06:41:17] Gracz wybierajacy slowo: 2
[20-12-2021_06:41:18] Wybrano slowo: abbasydzkiego
[20-12-2021_06:41:18] Przetlumaczone slowo: 1331123131121
[20-12-2021_06:41:18] Gracz: 1 wybral literke: v nie dostal punktow
[20-12-2021_06:41:18] Gracz: 3 wybral literke: j nie dostal punktow
[20-12-2021_06:41:18] Gracz: 1 nie zgadl slowa, wprowadzil 
[20-12-2021_06:41:18] Gracz: 1 odgadl literke: e dostał punktow: 1
[20-12-2021_06:41:19] Gracz: 4 nie zgadl slowa, wprowadzil 
[20-12-2021_06:41:19] Gracz: 4 wybral literke: w nie dostal punktow
[20-12-2021_06:41:19] Gracz: 4 odgadl literke: d dostał punktow: 1
[20-12-2021_06:41:19] Gracz: 4 wybral literke: j nie dostal punktow
[20-12-2021_06:41:19] Gracz: 3 nie zgadl slowa, wprowadzil 
[20-12-2021_06:41:19] Gracz: 1 nie zgadl slowa, wprowadzil 
[20-12-2021_06:41:19] Gracz: 1 wybral literke: ł nie dostal punktow
[20-12-2021_06:41:19] Gracz: 4 nie zgadl slowa, wprowadzil 
[20-12-2021_06:41:19] Gracz: 4 wybral literke: x nie dostal punktow
[20-12-2021_06:41:19] Gracz: 3 nie zgadl slowa, wprowadzil 
[20-12-2021_06:41:19] Gracz: 1 nie zgadl slowa, wprowadzil 
[20-12-2021_06:41:20] Gracz: 4 nie zgadl slowa, wprowadzil 
[20-12-2021_06:41:20] Gracz: 3 nie zgadl slowa, wprowadzil 
[20-12-2021_06:41:20] Gracz: 1 nie zgadl slowa, wprowadzil 
[20-12-2021_06:41:20] Gracz: 4 nie zgadl slowa, wprowadzil 
[20-12-2021_06:41:20] Gracz: 4 odgadl literke: o dostał punktow: 1
[20-12-2021_06:41:20] Gracz: 4 wybral literke: ó nie dostal punktow
[20-12-2021_06:41:20] Gracz: 4 wprowadzil niespodziewana odpowiedz - rozlaczam:
[20-12-2021_06:41:20] Gracz: 3 nie zgadl slowa, wprowadzil 
[20-12-2021_06:41:21] Gracz: 1 nie zgadl slowa, wprowadzil 
[20-12-2021_06:41:21] Gracz: 3 nie zgadl slowa, wprowadzil 
[20-12-2021_06:41:21] Gracz: 1 nie zgadl slowa, wprowadzil 
[20-12-2021_06:41:21] Gracz: 1 wybral literke: u nie dostal punktow
[20-12-2021_06:41:21] Gracz: 1 wprowadzil niespodziewana odpowiedz - rozlaczam:
[20-12-2021_06:41:21] Gracz: 3 nie zgadl slowa, wprowadzil 
[20-12-2021_06:41:21] Gracz: 3 wybral literke: ś nie dostal punktow
[20-12-2021_06:41:21] Gracz: 3 odgadl literke: e dostał punktow: 1
[20-12-2021_06:41:22] Gracz: 3 nie zgadl slowa, wprowadzil 
[20-12-2021_06:41:22] Gracz: 3 wprowadzil niespodziewana odpowiedz - rozlaczam:
[20-12-2021_06:42:58] Gra dla 2 zakonczona wynikiem: 0
[20-12-2021_06:42:58] Gra dla 1 zakonczona wynikiem: 1
[20-12-2021_06:42:58] Gra dla 3 zakonczona wynikiem: 1
[20-12-2021_06:42:58] Gra dla 4 zakonczona wynikiem: 0
