[20-12-2021_07:46:51] Zaczeto gre o id: 0
[20-12-2021_07:46:51] Dodano gracza: 2
[20-12-2021_07:46:51] Dodano gracza: 1
[20-12-2021_07:46:51] Gracz wybierajacy slowo: 2
[20-12-2021_07:46:53] Wybrano slowo: abadańsku
[20-12-2021_07:46:53] Przetlumaczone slowo: 131311131
[20-12-2021_07:46:55] Gracz: 1 wybral literke: x nie dostal punktow
[20-12-2021_07:46:58] Gracz: 1 odpowiedz po: 3.132962226867676 ignoruje gracza
[20-12-2021_07:47:02] Gracz: 1 odpowiedz po: 4.004148006439209 ignoruje gracza
[20-12-2021_07:47:06] Gracz: 1 odpowiedz po: 4.003705978393555 ignoruje gracza
[20-12-2021_07:47:10] Gracz: 1 odpowiedz po: 4.003185510635376 ignoruje gracza
[20-12-2021_07:47:15] Gracz: 1 odpowiedz po: 4.624143362045288 ignoruje gracza
[20-12-2021_07:47:20] Gracz: 1 odpowiedz po: 4.586776494979858 ignoruje gracza
[20-12-2021_07:47:24] Gracz: 1 odpowiedz po: 4.003321409225464 ignoruje gracza
[20-12-2021_07:47:28] Gracz: 1 odpowiedz po: 4.618213653564453 ignoruje gracza
[20-12-2021_07:47:33] Gracz: 1 odpowiedz po: 4.579460144042969 ignoruje gracza
[20-12-2021_07:47:36] Gracz: 1 odpowiedz po: 3.0022473335266113 ignoruje gracza
[20-12-2021_07:47:36] Gracz: 1 wprowadzil niespodziewana odpowiedz - rozlaczam:
[20-12-2021_07:48:34] Gra dla 2 zakonczona wynikiem: 0
[20-12-2021_07:48:34] Gra dla 1 zakonczona wynikiem: 0
