[20-12-2021_03:48:06] Zaczęto grę o id: 1
[20-12-2021_03:48:06] Dodano gracza: 1
[20-12-2021_03:48:06] Dodano gracza: 2
[20-12-2021_03:48:06] Dodano gracza: 3
[20-12-2021_03:48:06] Dodano gracza: 4
[20-12-2021_03:48:06] Gracz wybierający słowo: <socket.socket fd=5, family=AddressFamily.AF_INET, type=SocketKind.SOCK_STREAM, proto=0, laddr=('127.0.0.1', 12345), raddr=('127.0.0.1', 41668)>
[20-12-2021_03:48:10] Wybrano słowo: kotek
[20-12-2021_03:48:10] Przetłumaczone słowo: 31313
[20-12-2021_03:48:12] Gracz: 2 odpowiedz po: 11 ignoruje gracza
[20-12-2021_03:48:12] Gracz: 2 odgadł literke: k dostał punktów: 2
[20-12-2021_03:48:14] Gracz: 2 wybrał literke: l nie dostał punktów
[20-12-2021_03:48:16] Gracz: 2 odgadł literke: o dostał punktów: 1
[20-12-2021_03:48:17] Gracz: 2 odgadł literke: t dostał punktów: 1
[20-12-2021_03:48:20] Gracz: 2 odpowiedz po: 2.2711379528045654 ignoruje gracza
[20-12-2021_03:48:21] Gracz: 4 rozłączam minęło 10s
[20-12-2021_03:48:21] Gracz: 3 rozłączam minęło 10s
[20-12-2021_03:48:21] Gracz: 2 odgadł literke: e dostał punktów: 1
[20-12-2021_03:48:21] Gracz: 2blad - klient rozłączony
[20-12-2021_03:48:22] Gra dla 2 zakończona wynikiem: 5
[20-12-2021_03:48:22] Gra dla 1 zakończona wynikiem: 0
[20-12-2021_03:48:22] Gra dla 3 zakończona wynikiem: 0
[20-12-2021_03:48:22] Gra dla 4 zakończona wynikiem: 0
