[20-12-2021_08:12:51] Zaczeto gre o id: 1
[20-12-2021_08:12:51] Dodano gracza: 3
[20-12-2021_08:12:51] Dodano gracza: 1
[20-12-2021_08:12:51] Gracz wybierajacy slowo: 3
[20-12-2021_08:12:52] Wybrano slowo: abakanki
[20-12-2021_08:12:52] Przetlumaczone slowo: 13131131
[20-12-2021_08:12:53] Gracz: 1 wybral literke: ą nie dostal punktow
[20-12-2021_08:12:54] Gracz: 1 nie zgadl slowa, wprowadzil 
[20-12-2021_08:12:55] Gracz: 1 nie zgadl slowa, wprowadzil 
[20-12-2021_08:12:56] Gracz: 1 nie zgadl slowa, wprowadzil 
[20-12-2021_08:12:57] Gracz: 1 nie zgadl slowa, wprowadzil 
[20-12-2021_08:12:57] Gracz: 1 nie zgadl slowa, wprowadzil 
[20-12-2021_08:12:58] Gracz: 1 nie zgadl slowa, wprowadzil 
[20-12-2021_08:12:59] Gracz: 1 nie zgadl slowa, wprowadzil 
[20-12-2021_08:13:00] Gracz: 1 nie zgadl slowa, wprowadzil 
[20-12-2021_08:13:00] Gracz: 1 nie zgadl slowa, wprowadzil 
[20-12-2021_08:13:01] Gracz: 1 wprowadzil niespodziewana odpowiedz - rozlaczam:
[20-12-2021_08:14:32] Gra dla 3 zakonczona wynikiem: 0
[20-12-2021_08:14:32] Gra dla 2 zakonczona wynikiem: 4
[20-12-2021_08:14:32] Gra dla 1 zakonczona wynikiem: 0
