[20-12-2021_07:52:37] Zaczeto gre o id: 1
[20-12-2021_07:52:37] Dodano gracza: 2
[20-12-2021_07:52:37] Dodano gracza: 1
[20-12-2021_07:52:37] Dodano gracza: 3
[20-12-2021_07:52:37] Gracz wybierajacy slowo: 2
[20-12-2021_07:52:38] Wybrano slowo: abakańską
[20-12-2021_07:52:38] Przetlumaczone slowo: 131311131
[20-12-2021_07:52:38] Gracz: 1 wybral literke: t nie dostal punktow
[20-12-2021_07:52:38] Gracz: 1 wybral literke: w nie dostal punktow
[20-12-2021_07:52:39] Gracz: 1 wybral literke: o nie dostal punktow
[20-12-2021_07:52:39] Gracz: 1 wybral literke: ć nie dostal punktow
[20-12-2021_07:52:40] Gracz: 3 wybral literke: d nie dostal punktow
[20-12-2021_07:52:40] Gracz: 1 nie zgadl slowa, wprowadzil 
[20-12-2021_07:52:40] Gracz: 3 wybral literke: h nie dostal punktow
[20-12-2021_07:52:40] Gracz: 3 odgadl literke: s dostał punktow: 1
[20-12-2021_07:52:40] Gracz: 1 nie zgadl slowa, wprowadzil 
[20-12-2021_07:52:41] Gracz: 1 wybral literke: d nie dostal punktow
[20-12-2021_07:52:41] Gracz: 1 nie zgadl slowa, wprowadzil 
[20-12-2021_07:52:42] Gracz: 1 nie zgadl slowa, wprowadzil 
[20-12-2021_07:52:42] Gracz: 1 wybral literke: g nie dostal punktow
[20-12-2021_07:52:43] Gracz: 1 wprowadzil niespodziewana odpowiedz - rozlaczam:
[20-12-2021_07:52:50] Gracz: 3 rozlaczam minęło 10s
[20-12-2021_07:54:18] Gra dla 2 zakonczona wynikiem: 0
[20-12-2021_07:54:18] Gra dla 1 zakonczona wynikiem: 2
[20-12-2021_07:54:18] Gra dla 3 zakonczona wynikiem: 1
