[20-12-2021_12:08:50] Zaczeto gre o id: 2
[20-12-2021_12:08:50] Dodano gracza: 1
[20-12-2021_12:08:50] Dodano gracza: 3
[20-12-2021_12:08:50] Dodano gracza: 4
[20-12-2021_12:08:50] Gracz wybierajacy slowo: 1
[20-12-2021_12:08:51] Wybrano slowo: abakusa
[20-12-2021_12:08:51] Przetlumaczone slowo: 1313111
[20-12-2021_12:08:52] Gracz: 3 nie zgadl slowa, wprowadzil 
[20-12-2021_12:08:52] Gracz: 3 odpowiedz po: 11 ignoruje gracza
[20-12-2021_12:08:52] Gracz: 4 nie zgadl slowa, wprowadzil 
[20-12-2021_12:08:52] Gracz: 3 nie zgadl slowa, wprowadzil 
[20-12-2021_12:08:52] Gracz: 3 wybral literke: c nie dostal punktow
[20-12-2021_12:08:53] Gracz: 4 nie zgadl slowa, wprowadzil 
[20-12-2021_12:08:53] Gracz: 3 nie zgadl slowa, wprowadzil 
[20-12-2021_12:08:54] Gracz: 4 nie zgadl slowa, wprowadzil 
[20-12-2021_12:08:54] Gracz: 3 nie zgadl slowa, wprowadzil 
[20-12-2021_12:08:54] Gracz: 3 wybral literke: z nie dostal punktow
[20-12-2021_12:08:54] Gracz: 4 nie zgadl slowa, wprowadzil 
[20-12-2021_12:08:55] Gracz: 3 nie zgadl slowa, wprowadzil 
[20-12-2021_12:08:55] Gracz: 3 wybral literke: r nie dostal punktow
[20-12-2021_12:08:55] Gracz: 4 nie zgadl slowa, wprowadzil 
[20-12-2021_12:08:55] Gracz: 4 wybral literke: ż nie dostal punktow
[20-12-2021_12:08:56] Gracz: 3 nie zgadl slowa, wprowadzil 
[20-12-2021_12:08:56] Gracz: 4 nie zgadl slowa, wprowadzil 
[20-12-2021_12:08:56] Gracz: 3 nie zgadl slowa, wprowadzil 
[20-12-2021_12:08:56] Gracz: 3 wprowadzil niespodziewana odpowiedz - rozlaczam:
[20-12-2021_12:08:57] Gracz: 4 nie zgadl slowa, wprowadzil 
[20-12-2021_12:08:57] Gracz: 4 nie zgadl slowa, wprowadzil 
[20-12-2021_12:08:58] Gracz: 4 nie zgadl slowa, wprowadzil 
[20-12-2021_12:08:58] Gracz: 4 wprowadzil niespodziewana odpowiedz - rozlaczam:
[20-12-2021_12:10:31] Gra dla 1 zakonczona wynikiem: 0
[20-12-2021_12:10:31] Gra dla 2 zakonczona wynikiem: 1
[20-12-2021_12:10:31] Gra dla 3 zakonczona wynikiem: 0
[20-12-2021_12:10:31] Gra dla 4 zakonczona wynikiem: 0
