[20-12-2021_08:24:07] Zaczeto gre o id: 2
[20-12-2021_08:24:07] Dodano gracza: 2
[20-12-2021_08:24:07] Dodano gracza: 1
[20-12-2021_08:24:07] Dodano gracza: 3
[20-12-2021_08:24:07] Gracz wybierajacy slowo: 2
[20-12-2021_08:24:08] Wybrano slowo: abadańską
[20-12-2021_08:24:08] Przetlumaczone slowo: 131311131
[20-12-2021_08:24:09] Gracz: 1 wybral literke: ź nie dostal punktow
[20-12-2021_08:24:09] Gracz: 1 nie zgadl slowa, wprowadzil 
[20-12-2021_08:24:10] Gracz: 3 nie zgadl slowa, wprowadzil 
[20-12-2021_08:24:10] Gracz: 1 wybral literke: ś nie dostal punktow
[20-12-2021_08:24:10] Gracz: 3 nie zgadl slowa, wprowadzil 
[20-12-2021_08:24:10] Gracz: 1 nie zgadl slowa, wprowadzil 
[20-12-2021_08:24:10] Gracz: 3 wybral literke: h nie dostal punktow
[20-12-2021_08:24:11] Gracz: 1 wybral literke: c nie dostal punktow
[20-12-2021_08:24:11] Gracz: 3 nie zgadl slowa, wprowadzil 
[20-12-2021_08:24:11] Gracz: 1 nie zgadl slowa, wprowadzil 
[20-12-2021_08:24:12] Gracz: 3 nie zgadl slowa, wprowadzil 
[20-12-2021_08:24:12] Gracz: 1 nie zgadl slowa, wprowadzil 
[20-12-2021_08:24:12] Gracz: 3 wybral literke: c nie dostal punktow
[20-12-2021_08:24:12] Gracz: 1 wybral literke: w nie dostal punktow
[20-12-2021_08:24:12] Gracz: 3 wybral literke: ź nie dostal punktow
[20-12-2021_08:24:12] Gracz: 1 wybral literke: ż nie dostal punktow
[20-12-2021_08:24:13] Gracz: 1 wybral literke: z nie dostal punktow
[20-12-2021_08:24:13] Gracz: 1 wprowadzil niespodziewana odpowiedz - rozlaczam:
[20-12-2021_08:24:13] Gracz: 3 nie zgadl slowa, wprowadzil 
[20-12-2021_08:24:13] Gracz: 3 odgadl literke: b dostał punktow: 1
[20-12-2021_08:24:23] Gracz: 3 rozlaczam minęło 10s
[20-12-2021_08:25:48] Gra dla 2 zakonczona wynikiem: 0
[20-12-2021_08:25:48] Gra dla 1 zakonczona wynikiem: 1
[20-12-2021_08:25:48] Gra dla 3 zakonczona wynikiem: 2
