[20-12-2021_06:23:49] Zaczęto grę o id: 3
[20-12-2021_06:23:49] Dodano gracza: 1
[20-12-2021_06:23:49] Dodano gracza: 2
[20-12-2021_06:23:49] Dodano gracza: 3
[20-12-2021_06:23:49] Gracz wybierający słowo: 1
[20-12-2021_06:23:49] Gracz wybierający słowo: 2
[20-12-2021_06:23:50] Wybrano słowo: abakusa
[20-12-2021_06:23:50] Przetłumaczone słowo: 1313111
[20-12-2021_06:23:50] Gracz: 3 odgadł literke: u dostał punktów: 1
[20-12-2021_06:23:51] Gracz: 3 nie zgadł słowa, wprowadził 
[20-12-2021_06:23:51] Gracz: 3 wybrał literke: g nie dostał punktów
[20-12-2021_06:23:51] Gracz: 3 wybrał literke: y nie dostał punktów
[20-12-2021_06:23:52] Gracz: 3 nie zgadł słowa, wprowadził 
[20-12-2021_06:23:52] Gracz: 3 nie zgadł słowa, wprowadził 
[20-12-2021_06:23:52] Gracz: 3 wybrał literke: ś nie dostał punktów
[20-12-2021_06:23:52] Gracz: 3 wybrał literke: j nie dostał punktów
[20-12-2021_06:23:52] Gracz: 3 wybrał literke: n nie dostał punktów
[20-12-2021_06:23:53] Gracz: 3 nie zgadł słowa, wprowadził 
[20-12-2021_06:23:53] Gracz: 3 wprowadził niespodziewaną odpowiedź - rozłączam
[20-12-2021_06:25:30] Gra dla 1 zakończona wynikiem: 0
[20-12-2021_06:25:30] Gra dla 2 zakończona wynikiem: 0
[20-12-2021_06:25:30] Gra dla 3 zakończona wynikiem: 0
[20-12-2021_06:25:30] Gra dla 4 zakończona wynikiem: 5
