[20-12-2021_06:24:49] Zaczęto grę o id: 4
[20-12-2021_06:24:49] Dodano gracza: 2
[20-12-2021_06:24:49] Dodano gracza: 3
[20-12-2021_06:24:49] Gracz wybierający słowo: 2
[20-12-2021_06:24:50] Wybrano słowo: abbozza
[20-12-2021_06:24:50] Przetłumaczone słowo: 1331111
[20-12-2021_06:24:51] Gracz: 3 nie zgadł słowa, wprowadził 
[20-12-2021_06:24:52] Gracz: 3 nie zgadł słowa, wprowadził 
[20-12-2021_06:24:52] Gracz: 3 nie zgadł słowa, wprowadził 
[20-12-2021_06:24:52] Gracz: 3 wybrał literke: l nie dostał punktów
[20-12-2021_06:24:53] Gracz: 3 nie zgadł słowa, wprowadził 
[20-12-2021_06:24:53] Gracz: 3 wybrał literke: n nie dostał punktów
[20-12-2021_06:24:53] Gracz: 3 nie zgadł słowa, wprowadził 
[20-12-2021_06:24:54] Gracz: 3 nie zgadł słowa, wprowadził 
[20-12-2021_06:24:54] Gracz: 3 nie zgadł słowa, wprowadził 
[20-12-2021_06:24:55] Gracz: 3 nie zgadł słowa, wprowadził 
[20-12-2021_06:24:55] Gracz: 3 wprowadził niespodziewaną odpowiedź - rozłączam
[20-12-2021_06:26:30] Gra dla 1 zakończona wynikiem: 0
[20-12-2021_06:26:30] Gra dla 2 zakończona wynikiem: 0
[20-12-2021_06:26:30] Gra dla 3 zakończona wynikiem: 0
[20-12-2021_06:26:30] Gra dla 4 zakończona wynikiem: 5
