[20-12-2021_06:25:20] Zaczęto grę o id: 5
[20-12-2021_06:25:20] Dodano gracza: 2
[20-12-2021_06:25:20] Dodano gracza: 3
[20-12-2021_06:25:20] Gracz wybierający słowo: 2
[20-12-2021_06:25:21] Wybrano słowo: abakanką
[20-12-2021_06:25:21] Przetłumaczone słowo: 13131131
[20-12-2021_06:25:21] Gracz: 3 nie zgadł słowa, wprowadził 
[20-12-2021_06:25:21] Gracz: 3 wybrał literke: r nie dostał punktów
[20-12-2021_06:25:21] Gracz: 3 wybrał literke: i nie dostał punktów
[20-12-2021_06:25:21] Gracz: 3 wybrał literke: ę nie dostał punktów
[20-12-2021_06:25:22] Gracz: 3 nie zgadł słowa, wprowadził 
[20-12-2021_06:25:22] Gracz: 3 nie zgadł słowa, wprowadził 
[20-12-2021_06:25:22] Gracz: 3 wybrał literke: ć nie dostał punktów
[20-12-2021_06:25:23] Gracz: 3 nie zgadł słowa, wprowadził 
[20-12-2021_06:25:24] Gracz: 3 nie zgadł słowa, wprowadził 
[20-12-2021_06:25:24] Gracz: 3 nie zgadł słowa, wprowadził 
[20-12-2021_06:25:24] Gracz: 3 wprowadził niespodziewaną odpowiedź - rozłączam
[20-12-2021_06:27:01] Gra dla 1 zakończona wynikiem: 0
[20-12-2021_06:27:01] Gra dla 2 zakończona wynikiem: 0
[20-12-2021_06:27:01] Gra dla 3 zakończona wynikiem: 1
[20-12-2021_06:27:01] Gra dla 4 zakończona wynikiem: 5
