[20-12-2021_08:29:10] Zaczeto gre o id: 6
[20-12-2021_08:29:10] Dodano gracza: 2
[20-12-2021_08:29:10] Dodano gracza: 1
[20-12-2021_08:29:10] Gracz wybierajacy slowo: 2
[20-12-2021_08:29:11] Wybrano slowo: abbami
[20-12-2021_08:29:11] Przetlumaczone slowo: 133111
[20-12-2021_08:29:11] Gracz: 1 nie zgadl slowa, wprowadzil 
[20-12-2021_08:29:11] Gracz: 1 wybral literke: t nie dostal punktow
[20-12-2021_08:29:12] Gracz: 1 nie zgadl slowa, wprowadzil 
[20-12-2021_08:29:12] Gracz: 1 wybral literke: ż nie dostal punktow
[20-12-2021_08:29:13] Gracz: 1 wybral literke: d nie dostal punktow
[20-12-2021_08:29:13] Gracz: 1 wybral literke: l nie dostal punktow
[20-12-2021_08:29:13] Gracz: 1 wybral literke: n nie dostal punktow
[20-12-2021_08:29:14] Gracz: 1 nie zgadl slowa, wprowadzil 
[20-12-2021_08:29:14] Gracz: 1 wybral literke: ś nie dostal punktow
[20-12-2021_08:29:14] Gracz: 1 wybral literke: p nie dostal punktow
[20-12-2021_08:29:14] Gracz: 1 wprowadzil niespodziewana odpowiedz - rozlaczam:
[20-12-2021_08:30:51] Gra dla 2 zakonczona wynikiem: 0
[20-12-2021_08:30:51] Gra dla 1 zakonczona wynikiem: 1
[20-12-2021_08:30:51] Gra dla 3 zakonczona wynikiem: 0
