[20-12-2021_08:30:10] Zaczeto gre o id: 7
[20-12-2021_08:30:10] Dodano gracza: 2
[20-12-2021_08:30:10] Dodano gracza: 3
[20-12-2021_08:30:10] Dodano gracza: 1
[20-12-2021_08:30:10] Gracz wybierajacy slowo: 2
[20-12-2021_08:30:11] Wybrano slowo: abakańskiej
[20-12-2021_08:30:11] Przetlumaczone slowo: 13131113112
[20-12-2021_08:30:12] Gracz: 3 wybral literke: c nie dostal punktow
[20-12-2021_08:30:12] Gracz: 1 nie zgadl slowa, wprowadzil 
[20-12-2021_08:30:12] Gracz: 3 odpowiedz po: 11 ignoruje gracza
[20-12-2021_08:30:12] Gracz: 1 wybral literke: v nie dostal punktow
[20-12-2021_08:30:13] Gracz: 3 nie zgadl slowa, wprowadzil 
[20-12-2021_08:30:13] Gracz: 1 nie zgadl slowa, wprowadzil 
[20-12-2021_08:30:13] Gracz: 1 odgadl literke: e dostał punktow: 1
[20-12-2021_08:30:13] Gracz: 3 nie zgadl slowa, wprowadzil 
[20-12-2021_08:30:14] Gracz: 3 wybral literke: g nie dostal punktow
[20-12-2021_08:30:14] Gracz: 3 nie zgadl slowa, wprowadzil 
[20-12-2021_08:30:15] Gracz: 3 nie zgadl slowa, wprowadzil 
[20-12-2021_08:30:16] Gracz: 1 odpowiedz po: 2.413400650024414 ignoruje gracza
[20-12-2021_08:30:16] Gracz: 1 wprowadzil niespodziewana odpowiedz - rozlaczam:
[20-12-2021_08:30:16] Gracz: 3 nie zgadl slowa, wprowadzil 
[20-12-2021_08:30:17] Gracz: 3 nie zgadl slowa, wprowadzil 
[20-12-2021_08:30:17] Gracz: 3 nie zgadl slowa, wprowadzil 
[20-12-2021_08:30:18] Gracz: 3 odgadl literke: s dostał punktow: 1
[20-12-2021_08:30:20] Gracz: 3 wprowadzil niespodziewana odpowiedz - rozlaczam:
[20-12-2021_08:31:51] Gra dla 2 zakonczona wynikiem: 0
[20-12-2021_08:31:51] Gra dla 1 zakonczona wynikiem: 1
[20-12-2021_08:31:51] Gra dla 3 zakonczona wynikiem: 1
