[20-12-2021_08:30:41] Zaczeto gre o id: 8
[20-12-2021_08:30:41] Dodano gracza: 2
[20-12-2021_08:30:41] Dodano gracza: 1
[20-12-2021_08:30:41] Dodano gracza: 3
[20-12-2021_08:30:41] Gracz wybierajacy slowo: 2
[20-12-2021_08:30:42] Wybrano slowo: abaka
[20-12-2021_08:30:42] Przetlumaczone slowo: 13131
[20-12-2021_08:30:44] Gracz: 3 nie zgadl slowa, wprowadzil 
[20-12-2021_08:30:44] Gracz: 1 wybral literke: i nie dostal punktow
[20-12-2021_08:30:44] Gracz: 3 wybral literke: v nie dostal punktow
[20-12-2021_08:30:44] Gracz: 3 wybral literke: j nie dostal punktow
[20-12-2021_08:30:44] Gracz: 3 wybral literke: h nie dostal punktow
[20-12-2021_08:30:44] Gracz: 1 nie zgadl slowa, wprowadzil 
[20-12-2021_08:30:44] Gracz: 3 wybral literke: ą nie dostal punktow
[20-12-2021_08:30:45] Gracz: 1 wybral literke: ó nie dostal punktow
[20-12-2021_08:30:45] Gracz: 3 nie zgadl slowa, wprowadzil 
[20-12-2021_08:30:45] Gracz: 1 nie zgadl slowa, wprowadzil 
[20-12-2021_08:30:46] Gracz: 3 nie zgadl slowa, wprowadzil 
[20-12-2021_08:30:46] Gracz: 1 nie zgadl slowa, wprowadzil 
[20-12-2021_08:30:46] Gracz: 3 wybral literke: l nie dostal punktow
[20-12-2021_08:30:47] Gracz: 1 nie zgadl slowa, wprowadzil 
[20-12-2021_08:30:47] Gracz: 3 nie zgadl slowa, wprowadzil 
[20-12-2021_08:30:47] Gracz: 1 odgadl literke: b dostał punktow: 1
[20-12-2021_08:30:47] Gracz: 3 wybral literke: e nie dostal punktow
[20-12-2021_08:30:47] Gracz: 3 wprowadzil niespodziewana odpowiedz - rozlaczam:
[20-12-2021_08:30:57] Gracz: 1 rozlaczam minęło 10s
[20-12-2021_08:32:22] Gra dla 2 zakonczona wynikiem: 0
[20-12-2021_08:32:22] Gra dla 1 zakonczona wynikiem: 1
[20-12-2021_08:32:22] Gra dla 3 zakonczona wynikiem: 1
