[20-12-2021_08:31:11] Zaczeto gre o id: 9
[20-12-2021_08:31:11] Dodano gracza: 2
[20-12-2021_08:31:11] Dodano gracza: 3
[20-12-2021_08:31:11] Gracz wybierajacy slowo: 2
[20-12-2021_08:31:12] Wybrano slowo: abandonem
[20-12-2021_08:31:12] Przetlumaczone slowo: 131131111
[20-12-2021_08:31:13] Gracz: 3 nie zgadl slowa, wprowadzil 
[20-12-2021_08:31:14] Gracz: 3 nie zgadl slowa, wprowadzil 
[20-12-2021_08:31:14] Gracz: 3 wybral literke: ś nie dostal punktow
[20-12-2021_08:31:15] Gracz: 3 nie zgadl slowa, wprowadzil 
[20-12-2021_08:31:15] Gracz: 3 wybral literke: z nie dostal punktow
[20-12-2021_08:31:16] Gracz: 3 nie zgadl slowa, wprowadzil 
[20-12-2021_08:31:16] Gracz: 3 wybral literke: ć nie dostal punktow
[20-12-2021_08:31:16] Gracz: 3 wybral literke: ń nie dostal punktow
[20-12-2021_08:31:17] Gracz: 3 nie zgadl slowa, wprowadzil 
[20-12-2021_08:31:17] Gracz: 3 wybral literke: x nie dostal punktow
[20-12-2021_08:31:17] Gracz: 3 wprowadzil niespodziewana odpowiedz - rozlaczam:
[20-12-2021_08:32:52] Gra dla 2 zakonczona wynikiem: 0
[20-12-2021_08:32:52] Gra dla 1 zakonczona wynikiem: 1
[20-12-2021_08:32:52] Gra dla 3 zakonczona wynikiem: 1
